Chatbot_android/app/build/intermediates/manifest_merge_blame_file/debug/manifest-merger-blame-debug-report.txt
1<?xml version="1.0" encoding="utf-8"?>
2<manifest xmlns:android="http://schemas.android.com/apk/res/android"
3    package="com.example.chatbot"
4    android:versionCode="1"
5    android:versionName="1.0" >
6
7    <uses-sdk
8        android:minSdkVersion="19"
8-->src\main\AndroidManifest.xml
9        android:targetSdkVersion="30" />
9-->src\main\AndroidManifest.xml
10
11    <uses-permission android:name="android.permission.INTERNET" />
11-->src\main\AndroidManifest.xml:5:5-67
11-->src\main\AndroidManifest.xml:5:22-64
12    <uses-permission android:name="android.permission.READ_EXTERNAL_STORAGE" />
12-->src\main\AndroidManifest.xml:6:5-80
12-->src\main\AndroidManifest.xml:6:22-77
13    <uses-permission android:name="android.permission.WRITE_EXTERNAL_STORAGE" />
13-->src\main\AndroidManifest.xml:7:5-81
13-->src\main\AndroidManifest.xml:7:22-78
14
15    <application
15-->src\main\AndroidManifest.xml:9:5-62:19
16        android:allowBackup="true"
16-->src\main\AndroidManifest.xml:10:9-35
17        android:appComponentFactory="androidx.core.app.CoreComponentFactory"
17-->[androidx.core:core:1.1.0] AndroidManifest.xml:24:18-86
18        android:debuggable="true"
19        android:icon="@drawable/im"
19-->src\main\AndroidManifest.xml:11:9-36
20        android:label="@string/app_name"
20-->src\main\AndroidManifest.xml:12:9-41
21        android:roundIcon="@drawable/im"
21-->src\main\AndroidManifest.xml:13:9-41
22        android:supportsRtl="true"
22-->src\main\AndroidManifest.xml:14:9-35
23        android:testOnly="true"
24        android:theme="@style/Theme.Chatbot"
24-->src\main\AndroidManifest.xml:15:9-45
25        android:usesCleartextTraffic="true" >
25-->src\main\AndroidManifest.xml:16:9-44
26        <uses-library
26-->src\main\AndroidManifest.xml:17:9-19:40
27            android:name="org.apache.http.legacy"
27-->src\main\AndroidManifest.xml:18:13-50
28            android:required="false" />
28-->src\main\AndroidManifest.xml:19:13-37
29
30        <activity
30-->src\main\AndroidManifest.xml:20:9-26:20
31            android:name="com.example.chatbot.student_view_attentence"
31-->src\main\AndroidManifest.xml:21:13-52
32            android:exported="false" >
32-->src\main\AndroidManifest.xml:22:13-37
33            <meta-data
33-->src\main\AndroidManifest.xml:23:13-25:36
34                android:name="android.app.lib_name"
34-->src\main\AndroidManifest.xml:24:17-52
35                android:value="" />
35-->src\main\AndroidManifest.xml:25:17-33
36        </activity>
37        <activity
37-->src\main\AndroidManifest.xml:27:9-33:20
38            android:name="com.example.chatbot.View_attendance"
38-->src\main\AndroidManifest.xml:28:13-44
39            android:exported="false" >
39-->src\main\AndroidManifest.xml:29:13-37
40            <meta-data
40-->src\main\AndroidManifest.xml:23:13-25:36
41                android:name="android.app.lib_name"
41-->src\main\AndroidManifest.xml:24:17-52
42                android:value="" />
42-->src\main\AndroidManifest.xml:25:17-33
43        </activity>
44        <activity
44-->src\main\AndroidManifest.xml:34:9-40:20
45            android:name="com.example.chatbot.Myprofile"
45-->src\main\AndroidManifest.xml:35:13-38
46            android:exported="false" >
46-->src\main\AndroidManifest.xml:36:13-37
47            <meta-data
47-->src\main\AndroidManifest.xml:23:13-25:36
48                android:name="android.app.lib_name"
48-->src\main\AndroidManifest.xml:24:17-52
49                android:value="" />
49-->src\main\AndroidManifest.xml:25:17-33
50        </activity>
51        <activity
51-->src\main\AndroidManifest.xml:41:9-47:20
52            android:name="com.example.chatbot.student_view_notification"
52-->src\main\AndroidManifest.xml:42:13-54
53            android:exported="false" >
53-->src\main\AndroidManifest.xml:43:13-37
54            <meta-data
54-->src\main\AndroidManifest.xml:23:13-25:36
55                android:name="android.app.lib_name"
55-->src\main\AndroidManifest.xml:24:17-52
56                android:value="" />
56-->src\main\AndroidManifest.xml:25:17-33
57        </activity>
58        <activity android:name="com.example.chatbot.sendcomplaint" />
58-->src\main\AndroidManifest.xml:48:9-51
58-->src\main\AndroidManifest.xml:48:19-48
59        <activity android:name="com.example.chatbot.studentviewtimetable" />
59-->src\main\AndroidManifest.xml:49:9-58
59-->src\main\AndroidManifest.xml:49:19-55
60        <activity android:name="com.example.chatbot.studentviewprofile" />
60-->src\main\AndroidManifest.xml:50:9-56
60-->src\main\AndroidManifest.xml:50:19-53
61        <activity android:name="com.example.chatbot.studenthome" />
61-->src\main\AndroidManifest.xml:51:9-49
61-->src\main\AndroidManifest.xml:51:19-46
62        <activity android:name="com.example.chatbot.ChatHere" />
62-->src\main\AndroidManifest.xml:52:9-46
62-->src\main\AndroidManifest.xml:52:19-43
63        <activity android:name="com.example.chatbot.ipsettings" >
63-->src\main\AndroidManifest.xml:53:9-59:20
63-->src\main\AndroidManifest.xml:53:19-45
64            <intent-filter>
64-->src\main\AndroidManifest.xml:54:13-58:29
65                <action android:name="android.intent.action.MAIN" />
65-->src\main\AndroidManifest.xml:55:17-69
65-->src\main\AndroidManifest.xml:55:25-66
66
67                <category android:name="android.intent.category.LAUNCHER" />
67-->src\main\AndroidManifest.xml:57:17-77
67-->src\main\AndroidManifest.xml:57:27-74
68            </intent-filter>
69        </activity>
70        <activity android:name="com.example.chatbot.Login" />
70-->src\main\AndroidManifest.xml:60:9-43
70-->src\main\AndroidManifest.xml:60:19-40
71        <activity android:name="com.example.chatbot.MainActivity" />
71-->src\main\AndroidManifest.xml:61:9-50
71-->src\main\AndroidManifest.xml:61:19-47
72    </application>
73
74</manifest>